<?xml version="1.0" encoding="UTF-8"?>
<!-- Generated by org.testng.reporters.JUnitReportReporter -->
<testsuite name="test.java.Sum" tests="1" time="0.005" ignored="0" failures="0" timestamp="26 Jan 2017 06:59:31 GMT" skipped="0" hostname="buntu-PC" errors="0">
  <testcase name="sum" time="0.005" classname="test.java.Sum"/>
</testsuite> <!-- test.java.Sum -->
