<?xml version="1.0" encoding="UTF-8"?>
<!-- Generated by org.testng.reporters.JUnitReportReporter -->
<testsuite name="test.java.NewTest" tests="1" time="0.014" ignored="0" failures="0" timestamp="26 Jan 2017 07:08:13 GMT" skipped="0" hostname="buntu-PC" errors="0">
  <testcase name="f" time="0.014" classname="test.java.NewTest"/>
</testsuite> <!-- test.java.NewTest -->
